[2023-02-10 16:45:46] local.ERROR: could not find driver (SQL: PRAGMA foreign_keys = ON;) {"exception":"[object] (Illuminate\\Database\\QueryException(code: 0): could not find driver (SQL: PRAGMA foreign_keys = ON;) at /home/mozkozrout/Projects/Hostesky/HosteskyAPI/vendor/laravel/framework/src/Illuminate/Database/Connection.php:760)
[stacktrace]
#0 /home/mozkozrout/Projects/Hostesky/HosteskyAPI/vendor/laravel/framework/src/Illuminate/Database/Connection.php(720): Illuminate\\Database\\Connection->runQueryCallback()
#1 /home/mozkozrout/Projects/Hostesky/HosteskyAPI/vendor/laravel/framework/src/Illuminate/Database/Connection.php(546): Illuminate\\Database\\Connection->run()
#2 /home/mozkozrout/Projects/Hostesky/HosteskyAPI/vendor/laravel/framework/src/Illuminate/Database/Schema/Builder.php(398): Illuminate\\Database\\Connection->statement()
#3 /home/mozkozrout/Projects/Hostesky/HosteskyAPI/vendor/laravel/framework/src/Illuminate/Database/SQLiteConnection.php(35): Illuminate\\Database\\Schema\\Builder->enableForeignKeyConstraints()
#4 /home/mozkozrout/Projects/Hostesky/HosteskyAPI/vendor/laravel/framework/src/Illuminate/Database/Connectors/ConnectionFactory.php(272): Illuminate\\Database\\SQLiteConnection->__construct()
#5 /home/mozkozrout/Projects/Hostesky/HosteskyAPI/vendor/laravel/framework/src/Illuminate/Database/Connectors/ConnectionFactory.php(76): Illuminate\\Database\\Connectors\\ConnectionFactory->createConnection()
#6 /home/mozkozrout/Projects/Hostesky/HosteskyAPI/vendor/laravel/framework/src/Illuminate/Database/Connectors/ConnectionFactory.php(50): Illuminate\\Database\\Connectors\\ConnectionFactory->createSingleConnection()
#7 /home/mozkozrout/Projects/Hostesky/HosteskyAPI/vendor/laravel/framework/src/Illuminate/Database/DatabaseManager.php(152): Illuminate\\Database\\Connectors\\ConnectionFactory->make()
#8 /home/mozkozrout/Projects/Hostesky/HosteskyAPI/vendor/laravel/framework/src/Illuminate/Database/DatabaseManager.php(101): Illuminate\\Database\\DatabaseManager->makeConnection()
#9 /home/mozkozrout/Projects/Hostesky/HosteskyAPI/vendor/laravel/framework/src/Illuminate/Database/Migrations/DatabaseMigrationRepository.php(211): Illuminate\\Database\\DatabaseManager->connection()
#10 /home/mozkozrout/Projects/Hostesky/HosteskyAPI/vendor/laravel/framework/src/Illuminate/Database/Migrations/DatabaseMigrationRepository.php(167): Illuminate\\Database\\Migrations\\DatabaseMigrationRepository->getConnection()
#11 /home/mozkozrout/Projects/Hostesky/HosteskyAPI/vendor/laravel/framework/src/Illuminate/Database/Migrations/Migrator.php(682): Illuminate\\Database\\Migrations\\DatabaseMigrationRepository->repositoryExists()
#12 /home/mozkozrout/Projects/Hostesky/HosteskyAPI/vendor/laravel/framework/src/Illuminate/Database/Console/Migrations/MigrateCommand.php(138): Illuminate\\Database\\Migrations\\Migrator->repositoryExists()
#13 /home/mozkozrout/Projects/Hostesky/HosteskyAPI/vendor/laravel/framework/src/Illuminate/Support/helpers.php(247): Illuminate\\Database\\Console\\Migrations\\MigrateCommand->Illuminate\\Database\\Console\\Migrations\\{closure}()
#14 /home/mozkozrout/Projects/Hostesky/HosteskyAPI/vendor/laravel/framework/src/Illuminate/Database/Console/Migrations/MigrateCommand.php(157): retry()
#15 /home/mozkozrout/Projects/Hostesky/HosteskyAPI/vendor/laravel/framework/src/Illuminate/Database/Console/Migrations/MigrateCommand.php(114): Illuminate\\Database\\Console\\Migrations\\MigrateCommand->repositoryExists()
#16 /home/mozkozrout/Projects/Hostesky/HosteskyAPI/vendor/laravel/framework/src/Illuminate/Database/Console/Migrations/MigrateCommand.php(82): Illuminate\\Database\\Console\\Migrations\\MigrateCommand->prepareDatabase()
#17 /home/mozkozrout/Projects/Hostesky/HosteskyAPI/vendor/laravel/framework/src/Illuminate/Database/Migrations/Migrator.php(615): Illuminate\\Database\\Console\\Migrations\\MigrateCommand->Illuminate\\Database\\Console\\Migrations\\{closure}()
#18 /home/mozkozrout/Projects/Hostesky/HosteskyAPI/vendor/laravel/framework/src/Illuminate/Database/Console/Migrations/MigrateCommand.php(102): Illuminate\\Database\\Migrations\\Migrator->usingConnection()
#19 /home/mozkozrout/Projects/Hostesky/HosteskyAPI/vendor/laravel/framework/src/Illuminate/Container/BoundMethod.php(36): Illuminate\\Database\\Console\\Migrations\\MigrateCommand->handle()
#20 /home/mozkozrout/Projects/Hostesky/HosteskyAPI/vendor/laravel/framework/src/Illuminate/Container/Util.php(41): Illuminate\\Container\\BoundMethod::Illuminate\\Container\\{closure}()
#21 /home/mozkozrout/Projects/Hostesky/HosteskyAPI/vendor/laravel/framework/src/Illuminate/Container/BoundMethod.php(93): Illuminate\\Container\\Util::unwrapIfClosure()
#22 /home/mozkozrout/Projects/Hostesky/HosteskyAPI/vendor/laravel/framework/src/Illuminate/Container/BoundMethod.php(37): Illuminate\\Container\\BoundMethod::callBoundMethod()
#23 /home/mozkozrout/Projects/Hostesky/HosteskyAPI/vendor/laravel/framework/src/Illuminate/Container/Container.php(661): Illuminate\\Container\\BoundMethod::call()
#24 /home/mozkozrout/Projects/Hostesky/HosteskyAPI/vendor/laravel/framework/src/Illuminate/Console/Command.php(183): Illuminate\\Container\\Container->call()
#25 /home/mozkozrout/Projects/Hostesky/HosteskyAPI/vendor/symfony/console/Command/Command.php(312): Illuminate\\Console\\Command->execute()
#26 /home/mozkozrout/Projects/Hostesky/HosteskyAPI/vendor/laravel/framework/src/Illuminate/Console/Command.php(153): Symfony\\Component\\Console\\Command\\Command->run()
#27 /home/mozkozrout/Projects/Hostesky/HosteskyAPI/vendor/symfony/console/Application.php(1022): Illuminate\\Console\\Command->run()
#28 /home/mozkozrout/Projects/Hostesky/HosteskyAPI/vendor/symfony/console/Application.php(314): Symfony\\Component\\Console\\Application->doRunCommand()
#29 /home/mozkozrout/Projects/Hostesky/HosteskyAPI/vendor/symfony/console/Application.php(168): Symfony\\Component\\Console\\Application->doRun()
#30 /home/mozkozrout/Projects/Hostesky/HosteskyAPI/vendor/laravel/framework/src/Illuminate/Console/Application.php(102): Symfony\\Component\\Console\\Application->run()
#31 /home/mozkozrout/Projects/Hostesky/HosteskyAPI/vendor/laravel/framework/src/Illuminate/Foundation/Console/Kernel.php(155): Illuminate\\Console\\Application->run()
#32 /home/mozkozrout/Projects/Hostesky/HosteskyAPI/artisan(37): Illuminate\\Foundation\\Console\\Kernel->handle()
#33 {main}

[previous exception] [object] (PDOException(code: 0): could not find driver at /home/mozkozrout/Projects/Hostesky/HosteskyAPI/vendor/laravel/framework/src/Illuminate/Database/Connectors/Connector.php:70)
[stacktrace]
#0 /home/mozkozrout/Projects/Hostesky/HosteskyAPI/vendor/laravel/framework/src/Illuminate/Database/Connectors/Connector.php(70): PDO->__construct()
#1 /home/mozkozrout/Projects/Hostesky/HosteskyAPI/vendor/laravel/framework/src/Illuminate/Database/Connectors/Connector.php(46): Illuminate\\Database\\Connectors\\Connector->createPdoConnection()
#2 /home/mozkozrout/Projects/Hostesky/HosteskyAPI/vendor/laravel/framework/src/Illuminate/Database/Connectors/SQLiteConnector.php(37): Illuminate\\Database\\Connectors\\Connector->createConnection()
#3 /home/mozkozrout/Projects/Hostesky/HosteskyAPI/vendor/laravel/framework/src/Illuminate/Database/Connectors/ConnectionFactory.php(221): Illuminate\\Database\\Connectors\\SQLiteConnector->connect()
#4 [internal function]: Illuminate\\Database\\Connectors\\ConnectionFactory->Illuminate\\Database\\Connectors\\{closure}()
#5 /home/mozkozrout/Projects/Hostesky/HosteskyAPI/vendor/laravel/framework/src/Illuminate/Database/Connection.php(1181): call_user_func()
#6 /home/mozkozrout/Projects/Hostesky/HosteskyAPI/vendor/laravel/framework/src/Illuminate/Database/Connection.php(539): Illuminate\\Database\\Connection->getPdo()
#7 /home/mozkozrout/Projects/Hostesky/HosteskyAPI/vendor/laravel/framework/src/Illuminate/Database/Connection.php(753): Illuminate\\Database\\Connection->Illuminate\\Database\\{closure}()
#8 /home/mozkozrout/Projects/Hostesky/HosteskyAPI/vendor/laravel/framework/src/Illuminate/Database/Connection.php(720): Illuminate\\Database\\Connection->runQueryCallback()
#9 /home/mozkozrout/Projects/Hostesky/HosteskyAPI/vendor/laravel/framework/src/Illuminate/Database/Connection.php(546): Illuminate\\Database\\Connection->run()
#10 /home/mozkozrout/Projects/Hostesky/HosteskyAPI/vendor/laravel/framework/src/Illuminate/Database/Schema/Builder.php(398): Illuminate\\Database\\Connection->statement()
#11 /home/mozkozrout/Projects/Hostesky/HosteskyAPI/vendor/laravel/framework/src/Illuminate/Database/SQLiteConnection.php(35): Illuminate\\Database\\Schema\\Builder->enableForeignKeyConstraints()
#12 /home/mozkozrout/Projects/Hostesky/HosteskyAPI/vendor/laravel/framework/src/Illuminate/Database/Connectors/ConnectionFactory.php(272): Illuminate\\Database\\SQLiteConnection->__construct()
#13 /home/mozkozrout/Projects/Hostesky/HosteskyAPI/vendor/laravel/framework/src/Illuminate/Database/Connectors/ConnectionFactory.php(76): Illuminate\\Database\\Connectors\\ConnectionFactory->createConnection()
#14 /home/mozkozrout/Projects/Hostesky/HosteskyAPI/vendor/laravel/framework/src/Illuminate/Database/Connectors/ConnectionFactory.php(50): Illuminate\\Database\\Connectors\\ConnectionFactory->createSingleConnection()
#15 /home/mozkozrout/Projects/Hostesky/HosteskyAPI/vendor/laravel/framework/src/Illuminate/Database/DatabaseManager.php(152): Illuminate\\Database\\Connectors\\ConnectionFactory->make()
#16 /home/mozkozrout/Projects/Hostesky/HosteskyAPI/vendor/laravel/framework/src/Illuminate/Database/DatabaseManager.php(101): Illuminate\\Database\\DatabaseManager->makeConnection()
#17 /home/mozkozrout/Projects/Hostesky/HosteskyAPI/vendor/laravel/framework/src/Illuminate/Database/Migrations/DatabaseMigrationRepository.php(211): Illuminate\\Database\\DatabaseManager->connection()
#18 /home/mozkozrout/Projects/Hostesky/HosteskyAPI/vendor/laravel/framework/src/Illuminate/Database/Migrations/DatabaseMigrationRepository.php(167): Illuminate\\Database\\Migrations\\DatabaseMigrationRepository->getConnection()
#19 /home/mozkozrout/Projects/Hostesky/HosteskyAPI/vendor/laravel/framework/src/Illuminate/Database/Migrations/Migrator.php(682): Illuminate\\Database\\Migrations\\DatabaseMigrationRepository->repositoryExists()
#20 /home/mozkozrout/Projects/Hostesky/HosteskyAPI/vendor/laravel/framework/src/Illuminate/Database/Console/Migrations/MigrateCommand.php(138): Illuminate\\Database\\Migrations\\Migrator->repositoryExists()
#21 /home/mozkozrout/Projects/Hostesky/HosteskyAPI/vendor/laravel/framework/src/Illuminate/Support/helpers.php(247): Illuminate\\Database\\Console\\Migrations\\MigrateCommand->Illuminate\\Database\\Console\\Migrations\\{closure}()
#22 /home/mozkozrout/Projects/Hostesky/HosteskyAPI/vendor/laravel/framework/src/Illuminate/Database/Console/Migrations/MigrateCommand.php(157): retry()
#23 /home/mozkozrout/Projects/Hostesky/HosteskyAPI/vendor/laravel/framework/src/Illuminate/Database/Console/Migrations/MigrateCommand.php(114): Illuminate\\Database\\Console\\Migrations\\MigrateCommand->repositoryExists()
#24 /home/mozkozrout/Projects/Hostesky/HosteskyAPI/vendor/laravel/framework/src/Illuminate/Database/Console/Migrations/MigrateCommand.php(82): Illuminate\\Database\\Console\\Migrations\\MigrateCommand->prepareDatabase()
#25 /home/mozkozrout/Projects/Hostesky/HosteskyAPI/vendor/laravel/framework/src/Illuminate/Database/Migrations/Migrator.php(615): Illuminate\\Database\\Console\\Migrations\\MigrateCommand->Illuminate\\Database\\Console\\Migrations\\{closure}()
#26 /home/mozkozrout/Projects/Hostesky/HosteskyAPI/vendor/laravel/framework/src/Illuminate/Database/Console/Migrations/MigrateCommand.php(102): Illuminate\\Database\\Migrations\\Migrator->usingConnection()
#27 /home/mozkozrout/Projects/Hostesky/HosteskyAPI/vendor/laravel/framework/src/Illuminate/Container/BoundMethod.php(36): Illuminate\\Database\\Console\\Migrations\\MigrateCommand->handle()
#28 /home/mozkozrout/Projects/Hostesky/HosteskyAPI/vendor/laravel/framework/src/Illuminate/Container/Util.php(41): Illuminate\\Container\\BoundMethod::Illuminate\\Container\\{closure}()
#29 /home/mozkozrout/Projects/Hostesky/HosteskyAPI/vendor/laravel/framework/src/Illuminate/Container/BoundMethod.php(93): Illuminate\\Container\\Util::unwrapIfClosure()
#30 /home/mozkozrout/Projects/Hostesky/HosteskyAPI/vendor/laravel/framework/src/Illuminate/Container/BoundMethod.php(37): Illuminate\\Container\\BoundMethod::callBoundMethod()
#31 /home/mozkozrout/Projects/Hostesky/HosteskyAPI/vendor/laravel/framework/src/Illuminate/Container/Container.php(661): Illuminate\\Container\\BoundMethod::call()
#32 /home/mozkozrout/Projects/Hostesky/HosteskyAPI/vendor/laravel/framework/src/Illuminate/Console/Command.php(183): Illuminate\\Container\\Container->call()
#33 /home/mozkozrout/Projects/Hostesky/HosteskyAPI/vendor/symfony/console/Command/Command.php(312): Illuminate\\Console\\Command->execute()
#34 /home/mozkozrout/Projects/Hostesky/HosteskyAPI/vendor/laravel/framework/src/Illuminate/Console/Command.php(153): Symfony\\Component\\Console\\Command\\Command->run()
#35 /home/mozkozrout/Projects/Hostesky/HosteskyAPI/vendor/symfony/console/Application.php(1022): Illuminate\\Console\\Command->run()
#36 /home/mozkozrout/Projects/Hostesky/HosteskyAPI/vendor/symfony/console/Application.php(314): Symfony\\Component\\Console\\Application->doRunCommand()
#37 /home/mozkozrout/Projects/Hostesky/HosteskyAPI/vendor/symfony/console/Application.php(168): Symfony\\Component\\Console\\Application->doRun()
#38 /home/mozkozrout/Projects/Hostesky/HosteskyAPI/vendor/laravel/framework/src/Illuminate/Console/Application.php(102): Symfony\\Component\\Console\\Application->run()
#39 /home/mozkozrout/Projects/Hostesky/HosteskyAPI/vendor/laravel/framework/src/Illuminate/Foundation/Console/Kernel.php(155): Illuminate\\Console\\Application->run()
#40 /home/mozkozrout/Projects/Hostesky/HosteskyAPI/artisan(37): Illuminate\\Foundation\\Console\\Kernel->handle()
#41 {main}
"} 
[2023-02-10 16:46:46] local.ERROR: could not find driver (SQL: PRAGMA foreign_keys = ON;) {"exception":"[object] (Illuminate\\Database\\QueryException(code: 0): could not find driver (SQL: PRAGMA foreign_keys = ON;) at /home/mozkozrout/Projects/Hostesky/HosteskyAPI/vendor/laravel/framework/src/Illuminate/Database/Connection.php:760)
[stacktrace]
#0 /home/mozkozrout/Projects/Hostesky/HosteskyAPI/vendor/laravel/framework/src/Illuminate/Database/Connection.php(720): Illuminate\\Database\\Connection->runQueryCallback()
#1 /home/mozkozrout/Projects/Hostesky/HosteskyAPI/vendor/laravel/framework/src/Illuminate/Database/Connection.php(546): Illuminate\\Database\\Connection->run()
#2 /home/mozkozrout/Projects/Hostesky/HosteskyAPI/vendor/laravel/framework/src/Illuminate/Database/Schema/Builder.php(398): Illuminate\\Database\\Connection->statement()
#3 /home/mozkozrout/Projects/Hostesky/HosteskyAPI/vendor/laravel/framework/src/Illuminate/Database/SQLiteConnection.php(35): Illuminate\\Database\\Schema\\Builder->enableForeignKeyConstraints()
#4 /home/mozkozrout/Projects/Hostesky/HosteskyAPI/vendor/laravel/framework/src/Illuminate/Database/Connectors/ConnectionFactory.php(272): Illuminate\\Database\\SQLiteConnection->__construct()
#5 /home/mozkozrout/Projects/Hostesky/HosteskyAPI/vendor/laravel/framework/src/Illuminate/Database/Connectors/ConnectionFactory.php(76): Illuminate\\Database\\Connectors\\ConnectionFactory->createConnection()
#6 /home/mozkozrout/Projects/Hostesky/HosteskyAPI/vendor/laravel/framework/src/Illuminate/Database/Connectors/ConnectionFactory.php(50): Illuminate\\Database\\Connectors\\ConnectionFactory->createSingleConnection()
#7 /home/mozkozrout/Projects/Hostesky/HosteskyAPI/vendor/laravel/framework/src/Illuminate/Database/DatabaseManager.php(152): Illuminate\\Database\\Connectors\\ConnectionFactory->make()
#8 /home/mozkozrout/Projects/Hostesky/HosteskyAPI/vendor/laravel/framework/src/Illuminate/Database/DatabaseManager.php(101): Illuminate\\Database\\DatabaseManager->makeConnection()
#9 /home/mozkozrout/Projects/Hostesky/HosteskyAPI/vendor/laravel/framework/src/Illuminate/Database/Migrations/DatabaseMigrationRepository.php(211): Illuminate\\Database\\DatabaseManager->connection()
#10 /home/mozkozrout/Projects/Hostesky/HosteskyAPI/vendor/laravel/framework/src/Illuminate/Database/Migrations/DatabaseMigrationRepository.php(167): Illuminate\\Database\\Migrations\\DatabaseMigrationRepository->getConnection()
#11 /home/mozkozrout/Projects/Hostesky/HosteskyAPI/vendor/laravel/framework/src/Illuminate/Database/Migrations/Migrator.php(682): Illuminate\\Database\\Migrations\\DatabaseMigrationRepository->repositoryExists()
#12 /home/mozkozrout/Projects/Hostesky/HosteskyAPI/vendor/laravel/framework/src/Illuminate/Database/Console/Migrations/MigrateCommand.php(138): Illuminate\\Database\\Migrations\\Migrator->repositoryExists()
#13 /home/mozkozrout/Projects/Hostesky/HosteskyAPI/vendor/laravel/framework/src/Illuminate/Support/helpers.php(247): Illuminate\\Database\\Console\\Migrations\\MigrateCommand->Illuminate\\Database\\Console\\Migrations\\{closure}()
#14 /home/mozkozrout/Projects/Hostesky/HosteskyAPI/vendor/laravel/framework/src/Illuminate/Database/Console/Migrations/MigrateCommand.php(157): retry()
#15 /home/mozkozrout/Projects/Hostesky/HosteskyAPI/vendor/laravel/framework/src/Illuminate/Database/Console/Migrations/MigrateCommand.php(114): Illuminate\\Database\\Console\\Migrations\\MigrateCommand->repositoryExists()
#16 /home/mozkozrout/Projects/Hostesky/HosteskyAPI/vendor/laravel/framework/src/Illuminate/Database/Console/Migrations/MigrateCommand.php(82): Illuminate\\Database\\Console\\Migrations\\MigrateCommand->prepareDatabase()
#17 /home/mozkozrout/Projects/Hostesky/HosteskyAPI/vendor/laravel/framework/src/Illuminate/Database/Migrations/Migrator.php(615): Illuminate\\Database\\Console\\Migrations\\MigrateCommand->Illuminate\\Database\\Console\\Migrations\\{closure}()
#18 /home/mozkozrout/Projects/Hostesky/HosteskyAPI/vendor/laravel/framework/src/Illuminate/Database/Console/Migrations/MigrateCommand.php(102): Illuminate\\Database\\Migrations\\Migrator->usingConnection()
#19 /home/mozkozrout/Projects/Hostesky/HosteskyAPI/vendor/laravel/framework/src/Illuminate/Container/BoundMethod.php(36): Illuminate\\Database\\Console\\Migrations\\MigrateCommand->handle()
#20 /home/mozkozrout/Projects/Hostesky/HosteskyAPI/vendor/laravel/framework/src/Illuminate/Container/Util.php(41): Illuminate\\Container\\BoundMethod::Illuminate\\Container\\{closure}()
#21 /home/mozkozrout/Projects/Hostesky/HosteskyAPI/vendor/laravel/framework/src/Illuminate/Container/BoundMethod.php(93): Illuminate\\Container\\Util::unwrapIfClosure()
#22 /home/mozkozrout/Projects/Hostesky/HosteskyAPI/vendor/laravel/framework/src/Illuminate/Container/BoundMethod.php(37): Illuminate\\Container\\BoundMethod::callBoundMethod()
#23 /home/mozkozrout/Projects/Hostesky/HosteskyAPI/vendor/laravel/framework/src/Illuminate/Container/Container.php(661): Illuminate\\Container\\BoundMethod::call()
#24 /home/mozkozrout/Projects/Hostesky/HosteskyAPI/vendor/laravel/framework/src/Illuminate/Console/Command.php(183): Illuminate\\Container\\Container->call()
#25 /home/mozkozrout/Projects/Hostesky/HosteskyAPI/vendor/symfony/console/Command/Command.php(312): Illuminate\\Console\\Command->execute()
#26 /home/mozkozrout/Projects/Hostesky/HosteskyAPI/vendor/laravel/framework/src/Illuminate/Console/Command.php(153): Symfony\\Component\\Console\\Command\\Command->run()
#27 /home/mozkozrout/Projects/Hostesky/HosteskyAPI/vendor/symfony/console/Application.php(1022): Illuminate\\Console\\Command->run()
#28 /home/mozkozrout/Projects/Hostesky/HosteskyAPI/vendor/symfony/console/Application.php(314): Symfony\\Component\\Console\\Application->doRunCommand()
#29 /home/mozkozrout/Projects/Hostesky/HosteskyAPI/vendor/symfony/console/Application.php(168): Symfony\\Component\\Console\\Application->doRun()
#30 /home/mozkozrout/Projects/Hostesky/HosteskyAPI/vendor/laravel/framework/src/Illuminate/Console/Application.php(102): Symfony\\Component\\Console\\Application->run()
#31 /home/mozkozrout/Projects/Hostesky/HosteskyAPI/vendor/laravel/framework/src/Illuminate/Foundation/Console/Kernel.php(155): Illuminate\\Console\\Application->run()
#32 /home/mozkozrout/Projects/Hostesky/HosteskyAPI/artisan(37): Illuminate\\Foundation\\Console\\Kernel->handle()
#33 {main}

[previous exception] [object] (PDOException(code: 0): could not find driver at /home/mozkozrout/Projects/Hostesky/HosteskyAPI/vendor/laravel/framework/src/Illuminate/Database/Connectors/Connector.php:70)
[stacktrace]
#0 /home/mozkozrout/Projects/Hostesky/HosteskyAPI/vendor/laravel/framework/src/Illuminate/Database/Connectors/Connector.php(70): PDO->__construct()
#1 /home/mozkozrout/Projects/Hostesky/HosteskyAPI/vendor/laravel/framework/src/Illuminate/Database/Connectors/Connector.php(46): Illuminate\\Database\\Connectors\\Connector->createPdoConnection()
#2 /home/mozkozrout/Projects/Hostesky/HosteskyAPI/vendor/laravel/framework/src/Illuminate/Database/Connectors/SQLiteConnector.php(37): Illuminate\\Database\\Connectors\\Connector->createConnection()
#3 /home/mozkozrout/Projects/Hostesky/HosteskyAPI/vendor/laravel/framework/src/Illuminate/Database/Connectors/ConnectionFactory.php(221): Illuminate\\Database\\Connectors\\SQLiteConnector->connect()
#4 [internal function]: Illuminate\\Database\\Connectors\\ConnectionFactory->Illuminate\\Database\\Connectors\\{closure}()
#5 /home/mozkozrout/Projects/Hostesky/HosteskyAPI/vendor/laravel/framework/src/Illuminate/Database/Connection.php(1181): call_user_func()
#6 /home/mozkozrout/Projects/Hostesky/HosteskyAPI/vendor/laravel/framework/src/Illuminate/Database/Connection.php(539): Illuminate\\Database\\Connection->getPdo()
#7 /home/mozkozrout/Projects/Hostesky/HosteskyAPI/vendor/laravel/framework/src/Illuminate/Database/Connection.php(753): Illuminate\\Database\\Connection->Illuminate\\Database\\{closure}()
#8 /home/mozkozrout/Projects/Hostesky/HosteskyAPI/vendor/laravel/framework/src/Illuminate/Database/Connection.php(720): Illuminate\\Database\\Connection->runQueryCallback()
#9 /home/mozkozrout/Projects/Hostesky/HosteskyAPI/vendor/laravel/framework/src/Illuminate/Database/Connection.php(546): Illuminate\\Database\\Connection->run()
#10 /home/mozkozrout/Projects/Hostesky/HosteskyAPI/vendor/laravel/framework/src/Illuminate/Database/Schema/Builder.php(398): Illuminate\\Database\\Connection->statement()
#11 /home/mozkozrout/Projects/Hostesky/HosteskyAPI/vendor/laravel/framework/src/Illuminate/Database/SQLiteConnection.php(35): Illuminate\\Database\\Schema\\Builder->enableForeignKeyConstraints()
#12 /home/mozkozrout/Projects/Hostesky/HosteskyAPI/vendor/laravel/framework/src/Illuminate/Database/Connectors/ConnectionFactory.php(272): Illuminate\\Database\\SQLiteConnection->__construct()
#13 /home/mozkozrout/Projects/Hostesky/HosteskyAPI/vendor/laravel/framework/src/Illuminate/Database/Connectors/ConnectionFactory.php(76): Illuminate\\Database\\Connectors\\ConnectionFactory->createConnection()
#14 /home/mozkozrout/Projects/Hostesky/HosteskyAPI/vendor/laravel/framework/src/Illuminate/Database/Connectors/ConnectionFactory.php(50): Illuminate\\Database\\Connectors\\ConnectionFactory->createSingleConnection()
#15 /home/mozkozrout/Projects/Hostesky/HosteskyAPI/vendor/laravel/framework/src/Illuminate/Database/DatabaseManager.php(152): Illuminate\\Database\\Connectors\\ConnectionFactory->make()
#16 /home/mozkozrout/Projects/Hostesky/HosteskyAPI/vendor/laravel/framework/src/Illuminate/Database/DatabaseManager.php(101): Illuminate\\Database\\DatabaseManager->makeConnection()
#17 /home/mozkozrout/Projects/Hostesky/HosteskyAPI/vendor/laravel/framework/src/Illuminate/Database/Migrations/DatabaseMigrationRepository.php(211): Illuminate\\Database\\DatabaseManager->connection()
#18 /home/mozkozrout/Projects/Hostesky/HosteskyAPI/vendor/laravel/framework/src/Illuminate/Database/Migrations/DatabaseMigrationRepository.php(167): Illuminate\\Database\\Migrations\\DatabaseMigrationRepository->getConnection()
#19 /home/mozkozrout/Projects/Hostesky/HosteskyAPI/vendor/laravel/framework/src/Illuminate/Database/Migrations/Migrator.php(682): Illuminate\\Database\\Migrations\\DatabaseMigrationRepository->repositoryExists()
#20 /home/mozkozrout/Projects/Hostesky/HosteskyAPI/vendor/laravel/framework/src/Illuminate/Database/Console/Migrations/MigrateCommand.php(138): Illuminate\\Database\\Migrations\\Migrator->repositoryExists()
#21 /home/mozkozrout/Projects/Hostesky/HosteskyAPI/vendor/laravel/framework/src/Illuminate/Support/helpers.php(247): Illuminate\\Database\\Console\\Migrations\\MigrateCommand->Illuminate\\Database\\Console\\Migrations\\{closure}()
#22 /home/mozkozrout/Projects/Hostesky/HosteskyAPI/vendor/laravel/framework/src/Illuminate/Database/Console/Migrations/MigrateCommand.php(157): retry()
#23 /home/mozkozrout/Projects/Hostesky/HosteskyAPI/vendor/laravel/framework/src/Illuminate/Database/Console/Migrations/MigrateCommand.php(114): Illuminate\\Database\\Console\\Migrations\\MigrateCommand->repositoryExists()
#24 /home/mozkozrout/Projects/Hostesky/HosteskyAPI/vendor/laravel/framework/src/Illuminate/Database/Console/Migrations/MigrateCommand.php(82): Illuminate\\Database\\Console\\Migrations\\MigrateCommand->prepareDatabase()
#25 /home/mozkozrout/Projects/Hostesky/HosteskyAPI/vendor/laravel/framework/src/Illuminate/Database/Migrations/Migrator.php(615): Illuminate\\Database\\Console\\Migrations\\MigrateCommand->Illuminate\\Database\\Console\\Migrations\\{closure}()
#26 /home/mozkozrout/Projects/Hostesky/HosteskyAPI/vendor/laravel/framework/src/Illuminate/Database/Console/Migrations/MigrateCommand.php(102): Illuminate\\Database\\Migrations\\Migrator->usingConnection()
#27 /home/mozkozrout/Projects/Hostesky/HosteskyAPI/vendor/laravel/framework/src/Illuminate/Container/BoundMethod.php(36): Illuminate\\Database\\Console\\Migrations\\MigrateCommand->handle()
#28 /home/mozkozrout/Projects/Hostesky/HosteskyAPI/vendor/laravel/framework/src/Illuminate/Container/Util.php(41): Illuminate\\Container\\BoundMethod::Illuminate\\Container\\{closure}()
#29 /home/mozkozrout/Projects/Hostesky/HosteskyAPI/vendor/laravel/framework/src/Illuminate/Container/BoundMethod.php(93): Illuminate\\Container\\Util::unwrapIfClosure()
#30 /home/mozkozrout/Projects/Hostesky/HosteskyAPI/vendor/laravel/framework/src/Illuminate/Container/BoundMethod.php(37): Illuminate\\Container\\BoundMethod::callBoundMethod()
#31 /home/mozkozrout/Projects/Hostesky/HosteskyAPI/vendor/laravel/framework/src/Illuminate/Container/Container.php(661): Illuminate\\Container\\BoundMethod::call()
#32 /home/mozkozrout/Projects/Hostesky/HosteskyAPI/vendor/laravel/framework/src/Illuminate/Console/Command.php(183): Illuminate\\Container\\Container->call()
#33 /home/mozkozrout/Projects/Hostesky/HosteskyAPI/vendor/symfony/console/Command/Command.php(312): Illuminate\\Console\\Command->execute()
#34 /home/mozkozrout/Projects/Hostesky/HosteskyAPI/vendor/laravel/framework/src/Illuminate/Console/Command.php(153): Symfony\\Component\\Console\\Command\\Command->run()
#35 /home/mozkozrout/Projects/Hostesky/HosteskyAPI/vendor/symfony/console/Application.php(1022): Illuminate\\Console\\Command->run()
#36 /home/mozkozrout/Projects/Hostesky/HosteskyAPI/vendor/symfony/console/Application.php(314): Symfony\\Component\\Console\\Application->doRunCommand()
#37 /home/mozkozrout/Projects/Hostesky/HosteskyAPI/vendor/symfony/console/Application.php(168): Symfony\\Component\\Console\\Application->doRun()
#38 /home/mozkozrout/Projects/Hostesky/HosteskyAPI/vendor/laravel/framework/src/Illuminate/Console/Application.php(102): Symfony\\Component\\Console\\Application->run()
#39 /home/mozkozrout/Projects/Hostesky/HosteskyAPI/vendor/laravel/framework/src/Illuminate/Foundation/Console/Kernel.php(155): Illuminate\\Console\\Application->run()
#40 /home/mozkozrout/Projects/Hostesky/HosteskyAPI/artisan(37): Illuminate\\Foundation\\Console\\Kernel->handle()
#41 {main}
"} 
[2023-02-10 16:48:16] local.ERROR: could not find driver (SQL: PRAGMA foreign_keys = ON;) {"exception":"[object] (Illuminate\\Database\\QueryException(code: 0): could not find driver (SQL: PRAGMA foreign_keys = ON;) at /home/mozkozrout/Projects/Hostesky/HosteskyAPI/vendor/laravel/framework/src/Illuminate/Database/Connection.php:760)
[stacktrace]
#0 /home/mozkozrout/Projects/Hostesky/HosteskyAPI/vendor/laravel/framework/src/Illuminate/Database/Connection.php(720): Illuminate\\Database\\Connection->runQueryCallback()
#1 /home/mozkozrout/Projects/Hostesky/HosteskyAPI/vendor/laravel/framework/src/Illuminate/Database/Connection.php(546): Illuminate\\Database\\Connection->run()
#2 /home/mozkozrout/Projects/Hostesky/HosteskyAPI/vendor/laravel/framework/src/Illuminate/Database/Schema/Builder.php(398): Illuminate\\Database\\Connection->statement()
#3 /home/mozkozrout/Projects/Hostesky/HosteskyAPI/vendor/laravel/framework/src/Illuminate/Database/SQLiteConnection.php(35): Illuminate\\Database\\Schema\\Builder->enableForeignKeyConstraints()
#4 /home/mozkozrout/Projects/Hostesky/HosteskyAPI/vendor/laravel/framework/src/Illuminate/Database/Connectors/ConnectionFactory.php(272): Illuminate\\Database\\SQLiteConnection->__construct()
#5 /home/mozkozrout/Projects/Hostesky/HosteskyAPI/vendor/laravel/framework/src/Illuminate/Database/Connectors/ConnectionFactory.php(76): Illuminate\\Database\\Connectors\\ConnectionFactory->createConnection()
#6 /home/mozkozrout/Projects/Hostesky/HosteskyAPI/vendor/laravel/framework/src/Illuminate/Database/Connectors/ConnectionFactory.php(50): Illuminate\\Database\\Connectors\\ConnectionFactory->createSingleConnection()
#7 /home/mozkozrout/Projects/Hostesky/HosteskyAPI/vendor/laravel/framework/src/Illuminate/Database/DatabaseManager.php(152): Illuminate\\Database\\Connectors\\ConnectionFactory->make()
#8 /home/mozkozrout/Projects/Hostesky/HosteskyAPI/vendor/laravel/framework/src/Illuminate/Database/DatabaseManager.php(101): Illuminate\\Database\\DatabaseManager->makeConnection()
#9 /home/mozkozrout/Projects/Hostesky/HosteskyAPI/vendor/laravel/framework/src/Illuminate/Database/Migrations/DatabaseMigrationRepository.php(211): Illuminate\\Database\\DatabaseManager->connection()
#10 /home/mozkozrout/Projects/Hostesky/HosteskyAPI/vendor/laravel/framework/src/Illuminate/Database/Migrations/DatabaseMigrationRepository.php(167): Illuminate\\Database\\Migrations\\DatabaseMigrationRepository->getConnection()
#11 /home/mozkozrout/Projects/Hostesky/HosteskyAPI/vendor/laravel/framework/src/Illuminate/Database/Migrations/Migrator.php(682): Illuminate\\Database\\Migrations\\DatabaseMigrationRepository->repositoryExists()
#12 /home/mozkozrout/Projects/Hostesky/HosteskyAPI/vendor/laravel/framework/src/Illuminate/Database/Console/Migrations/MigrateCommand.php(138): Illuminate\\Database\\Migrations\\Migrator->repositoryExists()
#13 /home/mozkozrout/Projects/Hostesky/HosteskyAPI/vendor/laravel/framework/src/Illuminate/Support/helpers.php(247): Illuminate\\Database\\Console\\Migrations\\MigrateCommand->Illuminate\\Database\\Console\\Migrations\\{closure}()
#14 /home/mozkozrout/Projects/Hostesky/HosteskyAPI/vendor/laravel/framework/src/Illuminate/Database/Console/Migrations/MigrateCommand.php(157): retry()
#15 /home/mozkozrout/Projects/Hostesky/HosteskyAPI/vendor/laravel/framework/src/Illuminate/Database/Console/Migrations/MigrateCommand.php(114): Illuminate\\Database\\Console\\Migrations\\MigrateCommand->repositoryExists()
#16 /home/mozkozrout/Projects/Hostesky/HosteskyAPI/vendor/laravel/framework/src/Illuminate/Database/Console/Migrations/MigrateCommand.php(82): Illuminate\\Database\\Console\\Migrations\\MigrateCommand->prepareDatabase()
#17 /home/mozkozrout/Projects/Hostesky/HosteskyAPI/vendor/laravel/framework/src/Illuminate/Database/Migrations/Migrator.php(615): Illuminate\\Database\\Console\\Migrations\\MigrateCommand->Illuminate\\Database\\Console\\Migrations\\{closure}()
#18 /home/mozkozrout/Projects/Hostesky/HosteskyAPI/vendor/laravel/framework/src/Illuminate/Database/Console/Migrations/MigrateCommand.php(102): Illuminate\\Database\\Migrations\\Migrator->usingConnection()
#19 /home/mozkozrout/Projects/Hostesky/HosteskyAPI/vendor/laravel/framework/src/Illuminate/Container/BoundMethod.php(36): Illuminate\\Database\\Console\\Migrations\\MigrateCommand->handle()
#20 /home/mozkozrout/Projects/Hostesky/HosteskyAPI/vendor/laravel/framework/src/Illuminate/Container/Util.php(41): Illuminate\\Container\\BoundMethod::Illuminate\\Container\\{closure}()
#21 /home/mozkozrout/Projects/Hostesky/HosteskyAPI/vendor/laravel/framework/src/Illuminate/Container/BoundMethod.php(93): Illuminate\\Container\\Util::unwrapIfClosure()
#22 /home/mozkozrout/Projects/Hostesky/HosteskyAPI/vendor/laravel/framework/src/Illuminate/Container/BoundMethod.php(37): Illuminate\\Container\\BoundMethod::callBoundMethod()
#23 /home/mozkozrout/Projects/Hostesky/HosteskyAPI/vendor/laravel/framework/src/Illuminate/Container/Container.php(661): Illuminate\\Container\\BoundMethod::call()
#24 /home/mozkozrout/Projects/Hostesky/HosteskyAPI/vendor/laravel/framework/src/Illuminate/Console/Command.php(183): Illuminate\\Container\\Container->call()
#25 /home/mozkozrout/Projects/Hostesky/HosteskyAPI/vendor/symfony/console/Command/Command.php(312): Illuminate\\Console\\Command->execute()
#26 /home/mozkozrout/Projects/Hostesky/HosteskyAPI/vendor/laravel/framework/src/Illuminate/Console/Command.php(153): Symfony\\Component\\Console\\Command\\Command->run()
#27 /home/mozkozrout/Projects/Hostesky/HosteskyAPI/vendor/symfony/console/Application.php(1022): Illuminate\\Console\\Command->run()
#28 /home/mozkozrout/Projects/Hostesky/HosteskyAPI/vendor/symfony/console/Application.php(314): Symfony\\Component\\Console\\Application->doRunCommand()
#29 /home/mozkozrout/Projects/Hostesky/HosteskyAPI/vendor/symfony/console/Application.php(168): Symfony\\Component\\Console\\Application->doRun()
#30 /home/mozkozrout/Projects/Hostesky/HosteskyAPI/vendor/laravel/framework/src/Illuminate/Console/Application.php(102): Symfony\\Component\\Console\\Application->run()
#31 /home/mozkozrout/Projects/Hostesky/HosteskyAPI/vendor/laravel/framework/src/Illuminate/Foundation/Console/Kernel.php(155): Illuminate\\Console\\Application->run()
#32 /home/mozkozrout/Projects/Hostesky/HosteskyAPI/artisan(37): Illuminate\\Foundation\\Console\\Kernel->handle()
#33 {main}

[previous exception] [object] (PDOException(code: 0): could not find driver at /home/mozkozrout/Projects/Hostesky/HosteskyAPI/vendor/laravel/framework/src/Illuminate/Database/Connectors/Connector.php:70)
[stacktrace]
#0 /home/mozkozrout/Projects/Hostesky/HosteskyAPI/vendor/laravel/framework/src/Illuminate/Database/Connectors/Connector.php(70): PDO->__construct()
#1 /home/mozkozrout/Projects/Hostesky/HosteskyAPI/vendor/laravel/framework/src/Illuminate/Database/Connectors/Connector.php(46): Illuminate\\Database\\Connectors\\Connector->createPdoConnection()
#2 /home/mozkozrout/Projects/Hostesky/HosteskyAPI/vendor/laravel/framework/src/Illuminate/Database/Connectors/SQLiteConnector.php(37): Illuminate\\Database\\Connectors\\Connector->createConnection()
#3 /home/mozkozrout/Projects/Hostesky/HosteskyAPI/vendor/laravel/framework/src/Illuminate/Database/Connectors/ConnectionFactory.php(221): Illuminate\\Database\\Connectors\\SQLiteConnector->connect()
#4 [internal function]: Illuminate\\Database\\Connectors\\ConnectionFactory->Illuminate\\Database\\Connectors\\{closure}()
#5 /home/mozkozrout/Projects/Hostesky/HosteskyAPI/vendor/laravel/framework/src/Illuminate/Database/Connection.php(1181): call_user_func()
#6 /home/mozkozrout/Projects/Hostesky/HosteskyAPI/vendor/laravel/framework/src/Illuminate/Database/Connection.php(539): Illuminate\\Database\\Connection->getPdo()
#7 /home/mozkozrout/Projects/Hostesky/HosteskyAPI/vendor/laravel/framework/src/Illuminate/Database/Connection.php(753): Illuminate\\Database\\Connection->Illuminate\\Database\\{closure}()
#8 /home/mozkozrout/Projects/Hostesky/HosteskyAPI/vendor/laravel/framework/src/Illuminate/Database/Connection.php(720): Illuminate\\Database\\Connection->runQueryCallback()
#9 /home/mozkozrout/Projects/Hostesky/HosteskyAPI/vendor/laravel/framework/src/Illuminate/Database/Connection.php(546): Illuminate\\Database\\Connection->run()
#10 /home/mozkozrout/Projects/Hostesky/HosteskyAPI/vendor/laravel/framework/src/Illuminate/Database/Schema/Builder.php(398): Illuminate\\Database\\Connection->statement()
#11 /home/mozkozrout/Projects/Hostesky/HosteskyAPI/vendor/laravel/framework/src/Illuminate/Database/SQLiteConnection.php(35): Illuminate\\Database\\Schema\\Builder->enableForeignKeyConstraints()
#12 /home/mozkozrout/Projects/Hostesky/HosteskyAPI/vendor/laravel/framework/src/Illuminate/Database/Connectors/ConnectionFactory.php(272): Illuminate\\Database\\SQLiteConnection->__construct()
#13 /home/mozkozrout/Projects/Hostesky/HosteskyAPI/vendor/laravel/framework/src/Illuminate/Database/Connectors/ConnectionFactory.php(76): Illuminate\\Database\\Connectors\\ConnectionFactory->createConnection()
#14 /home/mozkozrout/Projects/Hostesky/HosteskyAPI/vendor/laravel/framework/src/Illuminate/Database/Connectors/ConnectionFactory.php(50): Illuminate\\Database\\Connectors\\ConnectionFactory->createSingleConnection()
#15 /home/mozkozrout/Projects/Hostesky/HosteskyAPI/vendor/laravel/framework/src/Illuminate/Database/DatabaseManager.php(152): Illuminate\\Database\\Connectors\\ConnectionFactory->make()
#16 /home/mozkozrout/Projects/Hostesky/HosteskyAPI/vendor/laravel/framework/src/Illuminate/Database/DatabaseManager.php(101): Illuminate\\Database\\DatabaseManager->makeConnection()
#17 /home/mozkozrout/Projects/Hostesky/HosteskyAPI/vendor/laravel/framework/src/Illuminate/Database/Migrations/DatabaseMigrationRepository.php(211): Illuminate\\Database\\DatabaseManager->connection()
#18 /home/mozkozrout/Projects/Hostesky/HosteskyAPI/vendor/laravel/framework/src/Illuminate/Database/Migrations/DatabaseMigrationRepository.php(167): Illuminate\\Database\\Migrations\\DatabaseMigrationRepository->getConnection()
#19 /home/mozkozrout/Projects/Hostesky/HosteskyAPI/vendor/laravel/framework/src/Illuminate/Database/Migrations/Migrator.php(682): Illuminate\\Database\\Migrations\\DatabaseMigrationRepository->repositoryExists()
#20 /home/mozkozrout/Projects/Hostesky/HosteskyAPI/vendor/laravel/framework/src/Illuminate/Database/Console/Migrations/MigrateCommand.php(138): Illuminate\\Database\\Migrations\\Migrator->repositoryExists()
#21 /home/mozkozrout/Projects/Hostesky/HosteskyAPI/vendor/laravel/framework/src/Illuminate/Support/helpers.php(247): Illuminate\\Database\\Console\\Migrations\\MigrateCommand->Illuminate\\Database\\Console\\Migrations\\{closure}()
#22 /home/mozkozrout/Projects/Hostesky/HosteskyAPI/vendor/laravel/framework/src/Illuminate/Database/Console/Migrations/MigrateCommand.php(157): retry()
#23 /home/mozkozrout/Projects/Hostesky/HosteskyAPI/vendor/laravel/framework/src/Illuminate/Database/Console/Migrations/MigrateCommand.php(114): Illuminate\\Database\\Console\\Migrations\\MigrateCommand->repositoryExists()
#24 /home/mozkozrout/Projects/Hostesky/HosteskyAPI/vendor/laravel/framework/src/Illuminate/Database/Console/Migrations/MigrateCommand.php(82): Illuminate\\Database\\Console\\Migrations\\MigrateCommand->prepareDatabase()
#25 /home/mozkozrout/Projects/Hostesky/HosteskyAPI/vendor/laravel/framework/src/Illuminate/Database/Migrations/Migrator.php(615): Illuminate\\Database\\Console\\Migrations\\MigrateCommand->Illuminate\\Database\\Console\\Migrations\\{closure}()
#26 /home/mozkozrout/Projects/Hostesky/HosteskyAPI/vendor/laravel/framework/src/Illuminate/Database/Console/Migrations/MigrateCommand.php(102): Illuminate\\Database\\Migrations\\Migrator->usingConnection()
#27 /home/mozkozrout/Projects/Hostesky/HosteskyAPI/vendor/laravel/framework/src/Illuminate/Container/BoundMethod.php(36): Illuminate\\Database\\Console\\Migrations\\MigrateCommand->handle()
#28 /home/mozkozrout/Projects/Hostesky/HosteskyAPI/vendor/laravel/framework/src/Illuminate/Container/Util.php(41): Illuminate\\Container\\BoundMethod::Illuminate\\Container\\{closure}()
#29 /home/mozkozrout/Projects/Hostesky/HosteskyAPI/vendor/laravel/framework/src/Illuminate/Container/BoundMethod.php(93): Illuminate\\Container\\Util::unwrapIfClosure()
#30 /home/mozkozrout/Projects/Hostesky/HosteskyAPI/vendor/laravel/framework/src/Illuminate/Container/BoundMethod.php(37): Illuminate\\Container\\BoundMethod::callBoundMethod()
#31 /home/mozkozrout/Projects/Hostesky/HosteskyAPI/vendor/laravel/framework/src/Illuminate/Container/Container.php(661): Illuminate\\Container\\BoundMethod::call()
#32 /home/mozkozrout/Projects/Hostesky/HosteskyAPI/vendor/laravel/framework/src/Illuminate/Console/Command.php(183): Illuminate\\Container\\Container->call()
#33 /home/mozkozrout/Projects/Hostesky/HosteskyAPI/vendor/symfony/console/Command/Command.php(312): Illuminate\\Console\\Command->execute()
#34 /home/mozkozrout/Projects/Hostesky/HosteskyAPI/vendor/laravel/framework/src/Illuminate/Console/Command.php(153): Symfony\\Component\\Console\\Command\\Command->run()
#35 /home/mozkozrout/Projects/Hostesky/HosteskyAPI/vendor/symfony/console/Application.php(1022): Illuminate\\Console\\Command->run()
#36 /home/mozkozrout/Projects/Hostesky/HosteskyAPI/vendor/symfony/console/Application.php(314): Symfony\\Component\\Console\\Application->doRunCommand()
#37 /home/mozkozrout/Projects/Hostesky/HosteskyAPI/vendor/symfony/console/Application.php(168): Symfony\\Component\\Console\\Application->doRun()
#38 /home/mozkozrout/Projects/Hostesky/HosteskyAPI/vendor/laravel/framework/src/Illuminate/Console/Application.php(102): Symfony\\Component\\Console\\Application->run()
#39 /home/mozkozrout/Projects/Hostesky/HosteskyAPI/vendor/laravel/framework/src/Illuminate/Foundation/Console/Kernel.php(155): Illuminate\\Console\\Application->run()
#40 /home/mozkozrout/Projects/Hostesky/HosteskyAPI/artisan(37): Illuminate\\Foundation\\Console\\Kernel->handle()
#41 {main}
"} 
[2023-02-10 16:50:09] local.ERROR: Database file at path [/database/database.sqlite] does not exist. Ensure this is an absolute path to the database. (SQL: PRAGMA foreign_keys = ON;) {"exception":"[object] (Illuminate\\Database\\QueryException(code: 0): Database file at path [/database/database.sqlite] does not exist. Ensure this is an absolute path to the database. (SQL: PRAGMA foreign_keys = ON;) at /home/mozkozrout/Projects/Hostesky/HosteskyAPI/vendor/laravel/framework/src/Illuminate/Database/Connection.php:760)
[stacktrace]
#0 /home/mozkozrout/Projects/Hostesky/HosteskyAPI/vendor/laravel/framework/src/Illuminate/Database/Connection.php(720): Illuminate\\Database\\Connection->runQueryCallback()
#1 /home/mozkozrout/Projects/Hostesky/HosteskyAPI/vendor/laravel/framework/src/Illuminate/Database/Connection.php(546): Illuminate\\Database\\Connection->run()
#2 /home/mozkozrout/Projects/Hostesky/HosteskyAPI/vendor/laravel/framework/src/Illuminate/Database/Schema/Builder.php(398): Illuminate\\Database\\Connection->statement()
#3 /home/mozkozrout/Projects/Hostesky/HosteskyAPI/vendor/laravel/framework/src/Illuminate/Database/SQLiteConnection.php(35): Illuminate\\Database\\Schema\\Builder->enableForeignKeyConstraints()
#4 /home/mozkozrout/Projects/Hostesky/HosteskyAPI/vendor/laravel/framework/src/Illuminate/Database/Connectors/ConnectionFactory.php(272): Illuminate\\Database\\SQLiteConnection->__construct()
#5 /home/mozkozrout/Projects/Hostesky/HosteskyAPI/vendor/laravel/framework/src/Illuminate/Database/Connectors/ConnectionFactory.php(76): Illuminate\\Database\\Connectors\\ConnectionFactory->createConnection()
#6 /home/mozkozrout/Projects/Hostesky/HosteskyAPI/vendor/laravel/framework/src/Illuminate/Database/Connectors/ConnectionFactory.php(50): Illuminate\\Database\\Connectors\\ConnectionFactory->createSingleConnection()
#7 /home/mozkozrout/Projects/Hostesky/HosteskyAPI/vendor/laravel/framework/src/Illuminate/Database/DatabaseManager.php(152): Illuminate\\Database\\Connectors\\ConnectionFactory->make()
#8 /home/mozkozrout/Projects/Hostesky/HosteskyAPI/vendor/laravel/framework/src/Illuminate/Database/DatabaseManager.php(101): Illuminate\\Database\\DatabaseManager->makeConnection()
#9 /home/mozkozrout/Projects/Hostesky/HosteskyAPI/vendor/laravel/framework/src/Illuminate/Database/Migrations/DatabaseMigrationRepository.php(211): Illuminate\\Database\\DatabaseManager->connection()
#10 /home/mozkozrout/Projects/Hostesky/HosteskyAPI/vendor/laravel/framework/src/Illuminate/Database/Migrations/DatabaseMigrationRepository.php(167): Illuminate\\Database\\Migrations\\DatabaseMigrationRepository->getConnection()
#11 /home/mozkozrout/Projects/Hostesky/HosteskyAPI/vendor/laravel/framework/src/Illuminate/Database/Migrations/Migrator.php(682): Illuminate\\Database\\Migrations\\DatabaseMigrationRepository->repositoryExists()
#12 /home/mozkozrout/Projects/Hostesky/HosteskyAPI/vendor/laravel/framework/src/Illuminate/Database/Console/Migrations/MigrateCommand.php(138): Illuminate\\Database\\Migrations\\Migrator->repositoryExists()
#13 /home/mozkozrout/Projects/Hostesky/HosteskyAPI/vendor/laravel/framework/src/Illuminate/Support/helpers.php(247): Illuminate\\Database\\Console\\Migrations\\MigrateCommand->Illuminate\\Database\\Console\\Migrations\\{closure}()
#14 /home/mozkozrout/Projects/Hostesky/HosteskyAPI/vendor/laravel/framework/src/Illuminate/Database/Console/Migrations/MigrateCommand.php(157): retry()
#15 /home/mozkozrout/Projects/Hostesky/HosteskyAPI/vendor/laravel/framework/src/Illuminate/Database/Console/Migrations/MigrateCommand.php(114): Illuminate\\Database\\Console\\Migrations\\MigrateCommand->repositoryExists()
#16 /home/mozkozrout/Projects/Hostesky/HosteskyAPI/vendor/laravel/framework/src/Illuminate/Database/Console/Migrations/MigrateCommand.php(82): Illuminate\\Database\\Console\\Migrations\\MigrateCommand->prepareDatabase()
#17 /home/mozkozrout/Projects/Hostesky/HosteskyAPI/vendor/laravel/framework/src/Illuminate/Database/Migrations/Migrator.php(615): Illuminate\\Database\\Console\\Migrations\\MigrateCommand->Illuminate\\Database\\Console\\Migrations\\{closure}()
#18 /home/mozkozrout/Projects/Hostesky/HosteskyAPI/vendor/laravel/framework/src/Illuminate/Database/Console/Migrations/MigrateCommand.php(102): Illuminate\\Database\\Migrations\\Migrator->usingConnection()
#19 /home/mozkozrout/Projects/Hostesky/HosteskyAPI/vendor/laravel/framework/src/Illuminate/Container/BoundMethod.php(36): Illuminate\\Database\\Console\\Migrations\\MigrateCommand->handle()
#20 /home/mozkozrout/Projects/Hostesky/HosteskyAPI/vendor/laravel/framework/src/Illuminate/Container/Util.php(41): Illuminate\\Container\\BoundMethod::Illuminate\\Container\\{closure}()
#21 /home/mozkozrout/Projects/Hostesky/HosteskyAPI/vendor/laravel/framework/src/Illuminate/Container/BoundMethod.php(93): Illuminate\\Container\\Util::unwrapIfClosure()
#22 /home/mozkozrout/Projects/Hostesky/HosteskyAPI/vendor/laravel/framework/src/Illuminate/Container/BoundMethod.php(37): Illuminate\\Container\\BoundMethod::callBoundMethod()
#23 /home/mozkozrout/Projects/Hostesky/HosteskyAPI/vendor/laravel/framework/src/Illuminate/Container/Container.php(661): Illuminate\\Container\\BoundMethod::call()
#24 /home/mozkozrout/Projects/Hostesky/HosteskyAPI/vendor/laravel/framework/src/Illuminate/Console/Command.php(183): Illuminate\\Container\\Container->call()
#25 /home/mozkozrout/Projects/Hostesky/HosteskyAPI/vendor/symfony/console/Command/Command.php(312): Illuminate\\Console\\Command->execute()
#26 /home/mozkozrout/Projects/Hostesky/HosteskyAPI/vendor/laravel/framework/src/Illuminate/Console/Command.php(153): Symfony\\Component\\Console\\Command\\Command->run()
#27 /home/mozkozrout/Projects/Hostesky/HosteskyAPI/vendor/symfony/console/Application.php(1022): Illuminate\\Console\\Command->run()
#28 /home/mozkozrout/Projects/Hostesky/HosteskyAPI/vendor/symfony/console/Application.php(314): Symfony\\Component\\Console\\Application->doRunCommand()
#29 /home/mozkozrout/Projects/Hostesky/HosteskyAPI/vendor/symfony/console/Application.php(168): Symfony\\Component\\Console\\Application->doRun()
#30 /home/mozkozrout/Projects/Hostesky/HosteskyAPI/vendor/laravel/framework/src/Illuminate/Console/Application.php(102): Symfony\\Component\\Console\\Application->run()
#31 /home/mozkozrout/Projects/Hostesky/HosteskyAPI/vendor/laravel/framework/src/Illuminate/Foundation/Console/Kernel.php(155): Illuminate\\Console\\Application->run()
#32 /home/mozkozrout/Projects/Hostesky/HosteskyAPI/artisan(37): Illuminate\\Foundation\\Console\\Kernel->handle()
#33 {main}

[previous exception] [object] (Illuminate\\Database\\SQLiteDatabaseDoesNotExistException(code: 0): Database file at path [/database/database.sqlite] does not exist. Ensure this is an absolute path to the database. at /home/mozkozrout/Projects/Hostesky/HosteskyAPI/vendor/laravel/framework/src/Illuminate/Database/Connectors/SQLiteConnector.php:34)
[stacktrace]
#0 /home/mozkozrout/Projects/Hostesky/HosteskyAPI/vendor/laravel/framework/src/Illuminate/Database/Connectors/ConnectionFactory.php(221): Illuminate\\Database\\Connectors\\SQLiteConnector->connect()
#1 [internal function]: Illuminate\\Database\\Connectors\\ConnectionFactory->Illuminate\\Database\\Connectors\\{closure}()
#2 /home/mozkozrout/Projects/Hostesky/HosteskyAPI/vendor/laravel/framework/src/Illuminate/Database/Connection.php(1181): call_user_func()
#3 /home/mozkozrout/Projects/Hostesky/HosteskyAPI/vendor/laravel/framework/src/Illuminate/Database/Connection.php(539): Illuminate\\Database\\Connection->getPdo()
#4 /home/mozkozrout/Projects/Hostesky/HosteskyAPI/vendor/laravel/framework/src/Illuminate/Database/Connection.php(753): Illuminate\\Database\\Connection->Illuminate\\Database\\{closure}()
#5 /home/mozkozrout/Projects/Hostesky/HosteskyAPI/vendor/laravel/framework/src/Illuminate/Database/Connection.php(720): Illuminate\\Database\\Connection->runQueryCallback()
#6 /home/mozkozrout/Projects/Hostesky/HosteskyAPI/vendor/laravel/framework/src/Illuminate/Database/Connection.php(546): Illuminate\\Database\\Connection->run()
#7 /home/mozkozrout/Projects/Hostesky/HosteskyAPI/vendor/laravel/framework/src/Illuminate/Database/Schema/Builder.php(398): Illuminate\\Database\\Connection->statement()
#8 /home/mozkozrout/Projects/Hostesky/HosteskyAPI/vendor/laravel/framework/src/Illuminate/Database/SQLiteConnection.php(35): Illuminate\\Database\\Schema\\Builder->enableForeignKeyConstraints()
#9 /home/mozkozrout/Projects/Hostesky/HosteskyAPI/vendor/laravel/framework/src/Illuminate/Database/Connectors/ConnectionFactory.php(272): Illuminate\\Database\\SQLiteConnection->__construct()
#10 /home/mozkozrout/Projects/Hostesky/HosteskyAPI/vendor/laravel/framework/src/Illuminate/Database/Connectors/ConnectionFactory.php(76): Illuminate\\Database\\Connectors\\ConnectionFactory->createConnection()
#11 /home/mozkozrout/Projects/Hostesky/HosteskyAPI/vendor/laravel/framework/src/Illuminate/Database/Connectors/ConnectionFactory.php(50): Illuminate\\Database\\Connectors\\ConnectionFactory->createSingleConnection()
#12 /home/mozkozrout/Projects/Hostesky/HosteskyAPI/vendor/laravel/framework/src/Illuminate/Database/DatabaseManager.php(152): Illuminate\\Database\\Connectors\\ConnectionFactory->make()
#13 /home/mozkozrout/Projects/Hostesky/HosteskyAPI/vendor/laravel/framework/src/Illuminate/Database/DatabaseManager.php(101): Illuminate\\Database\\DatabaseManager->makeConnection()
#14 /home/mozkozrout/Projects/Hostesky/HosteskyAPI/vendor/laravel/framework/src/Illuminate/Database/Migrations/DatabaseMigrationRepository.php(211): Illuminate\\Database\\DatabaseManager->connection()
#15 /home/mozkozrout/Projects/Hostesky/HosteskyAPI/vendor/laravel/framework/src/Illuminate/Database/Migrations/DatabaseMigrationRepository.php(167): Illuminate\\Database\\Migrations\\DatabaseMigrationRepository->getConnection()
#16 /home/mozkozrout/Projects/Hostesky/HosteskyAPI/vendor/laravel/framework/src/Illuminate/Database/Migrations/Migrator.php(682): Illuminate\\Database\\Migrations\\DatabaseMigrationRepository->repositoryExists()
#17 /home/mozkozrout/Projects/Hostesky/HosteskyAPI/vendor/laravel/framework/src/Illuminate/Database/Console/Migrations/MigrateCommand.php(138): Illuminate\\Database\\Migrations\\Migrator->repositoryExists()
#18 /home/mozkozrout/Projects/Hostesky/HosteskyAPI/vendor/laravel/framework/src/Illuminate/Support/helpers.php(247): Illuminate\\Database\\Console\\Migrations\\MigrateCommand->Illuminate\\Database\\Console\\Migrations\\{closure}()
#19 /home/mozkozrout/Projects/Hostesky/HosteskyAPI/vendor/laravel/framework/src/Illuminate/Database/Console/Migrations/MigrateCommand.php(157): retry()
#20 /home/mozkozrout/Projects/Hostesky/HosteskyAPI/vendor/laravel/framework/src/Illuminate/Database/Console/Migrations/MigrateCommand.php(114): Illuminate\\Database\\Console\\Migrations\\MigrateCommand->repositoryExists()
#21 /home/mozkozrout/Projects/Hostesky/HosteskyAPI/vendor/laravel/framework/src/Illuminate/Database/Console/Migrations/MigrateCommand.php(82): Illuminate\\Database\\Console\\Migrations\\MigrateCommand->prepareDatabase()
#22 /home/mozkozrout/Projects/Hostesky/HosteskyAPI/vendor/laravel/framework/src/Illuminate/Database/Migrations/Migrator.php(615): Illuminate\\Database\\Console\\Migrations\\MigrateCommand->Illuminate\\Database\\Console\\Migrations\\{closure}()
#23 /home/mozkozrout/Projects/Hostesky/HosteskyAPI/vendor/laravel/framework/src/Illuminate/Database/Console/Migrations/MigrateCommand.php(102): Illuminate\\Database\\Migrations\\Migrator->usingConnection()
#24 /home/mozkozrout/Projects/Hostesky/HosteskyAPI/vendor/laravel/framework/src/Illuminate/Container/BoundMethod.php(36): Illuminate\\Database\\Console\\Migrations\\MigrateCommand->handle()
#25 /home/mozkozrout/Projects/Hostesky/HosteskyAPI/vendor/laravel/framework/src/Illuminate/Container/Util.php(41): Illuminate\\Container\\BoundMethod::Illuminate\\Container\\{closure}()
#26 /home/mozkozrout/Projects/Hostesky/HosteskyAPI/vendor/laravel/framework/src/Illuminate/Container/BoundMethod.php(93): Illuminate\\Container\\Util::unwrapIfClosure()
#27 /home/mozkozrout/Projects/Hostesky/HosteskyAPI/vendor/laravel/framework/src/Illuminate/Container/BoundMethod.php(37): Illuminate\\Container\\BoundMethod::callBoundMethod()
#28 /home/mozkozrout/Projects/Hostesky/HosteskyAPI/vendor/laravel/framework/src/Illuminate/Container/Container.php(661): Illuminate\\Container\\BoundMethod::call()
#29 /home/mozkozrout/Projects/Hostesky/HosteskyAPI/vendor/laravel/framework/src/Illuminate/Console/Command.php(183): Illuminate\\Container\\Container->call()
#30 /home/mozkozrout/Projects/Hostesky/HosteskyAPI/vendor/symfony/console/Command/Command.php(312): Illuminate\\Console\\Command->execute()
#31 /home/mozkozrout/Projects/Hostesky/HosteskyAPI/vendor/laravel/framework/src/Illuminate/Console/Command.php(153): Symfony\\Component\\Console\\Command\\Command->run()
#32 /home/mozkozrout/Projects/Hostesky/HosteskyAPI/vendor/symfony/console/Application.php(1022): Illuminate\\Console\\Command->run()
#33 /home/mozkozrout/Projects/Hostesky/HosteskyAPI/vendor/symfony/console/Application.php(314): Symfony\\Component\\Console\\Application->doRunCommand()
#34 /home/mozkozrout/Projects/Hostesky/HosteskyAPI/vendor/symfony/console/Application.php(168): Symfony\\Component\\Console\\Application->doRun()
#35 /home/mozkozrout/Projects/Hostesky/HosteskyAPI/vendor/laravel/framework/src/Illuminate/Console/Application.php(102): Symfony\\Component\\Console\\Application->run()
#36 /home/mozkozrout/Projects/Hostesky/HosteskyAPI/vendor/laravel/framework/src/Illuminate/Foundation/Console/Kernel.php(155): Illuminate\\Console\\Application->run()
#37 /home/mozkozrout/Projects/Hostesky/HosteskyAPI/artisan(37): Illuminate\\Foundation\\Console\\Kernel->handle()
#38 {main}
"} 
[2023-02-10 16:51:18] local.ERROR: Database file at path [../database/database.sqlite] does not exist. Ensure this is an absolute path to the database. (SQL: PRAGMA foreign_keys = ON;) {"exception":"[object] (Illuminate\\Database\\QueryException(code: 0): Database file at path [../database/database.sqlite] does not exist. Ensure this is an absolute path to the database. (SQL: PRAGMA foreign_keys = ON;) at /home/mozkozrout/Projects/Hostesky/HosteskyAPI/vendor/laravel/framework/src/Illuminate/Database/Connection.php:760)
[stacktrace]
#0 /home/mozkozrout/Projects/Hostesky/HosteskyAPI/vendor/laravel/framework/src/Illuminate/Database/Connection.php(720): Illuminate\\Database\\Connection->runQueryCallback()
#1 /home/mozkozrout/Projects/Hostesky/HosteskyAPI/vendor/laravel/framework/src/Illuminate/Database/Connection.php(546): Illuminate\\Database\\Connection->run()
#2 /home/mozkozrout/Projects/Hostesky/HosteskyAPI/vendor/laravel/framework/src/Illuminate/Database/Schema/Builder.php(398): Illuminate\\Database\\Connection->statement()
#3 /home/mozkozrout/Projects/Hostesky/HosteskyAPI/vendor/laravel/framework/src/Illuminate/Database/SQLiteConnection.php(35): Illuminate\\Database\\Schema\\Builder->enableForeignKeyConstraints()
#4 /home/mozkozrout/Projects/Hostesky/HosteskyAPI/vendor/laravel/framework/src/Illuminate/Database/Connectors/ConnectionFactory.php(272): Illuminate\\Database\\SQLiteConnection->__construct()
#5 /home/mozkozrout/Projects/Hostesky/HosteskyAPI/vendor/laravel/framework/src/Illuminate/Database/Connectors/ConnectionFactory.php(76): Illuminate\\Database\\Connectors\\ConnectionFactory->createConnection()
#6 /home/mozkozrout/Projects/Hostesky/HosteskyAPI/vendor/laravel/framework/src/Illuminate/Database/Connectors/ConnectionFactory.php(50): Illuminate\\Database\\Connectors\\ConnectionFactory->createSingleConnection()
#7 /home/mozkozrout/Projects/Hostesky/HosteskyAPI/vendor/laravel/framework/src/Illuminate/Database/DatabaseManager.php(152): Illuminate\\Database\\Connectors\\ConnectionFactory->make()
#8 /home/mozkozrout/Projects/Hostesky/HosteskyAPI/vendor/laravel/framework/src/Illuminate/Database/DatabaseManager.php(101): Illuminate\\Database\\DatabaseManager->makeConnection()
#9 /home/mozkozrout/Projects/Hostesky/HosteskyAPI/vendor/laravel/framework/src/Illuminate/Database/Migrations/DatabaseMigrationRepository.php(211): Illuminate\\Database\\DatabaseManager->connection()
#10 /home/mozkozrout/Projects/Hostesky/HosteskyAPI/vendor/laravel/framework/src/Illuminate/Database/Migrations/DatabaseMigrationRepository.php(167): Illuminate\\Database\\Migrations\\DatabaseMigrationRepository->getConnection()
#11 /home/mozkozrout/Projects/Hostesky/HosteskyAPI/vendor/laravel/framework/src/Illuminate/Database/Migrations/Migrator.php(682): Illuminate\\Database\\Migrations\\DatabaseMigrationRepository->repositoryExists()
#12 /home/mozkozrout/Projects/Hostesky/HosteskyAPI/vendor/laravel/framework/src/Illuminate/Database/Console/Migrations/MigrateCommand.php(138): Illuminate\\Database\\Migrations\\Migrator->repositoryExists()
#13 /home/mozkozrout/Projects/Hostesky/HosteskyAPI/vendor/laravel/framework/src/Illuminate/Support/helpers.php(247): Illuminate\\Database\\Console\\Migrations\\MigrateCommand->Illuminate\\Database\\Console\\Migrations\\{closure}()
#14 /home/mozkozrout/Projects/Hostesky/HosteskyAPI/vendor/laravel/framework/src/Illuminate/Database/Console/Migrations/MigrateCommand.php(157): retry()
#15 /home/mozkozrout/Projects/Hostesky/HosteskyAPI/vendor/laravel/framework/src/Illuminate/Database/Console/Migrations/MigrateCommand.php(114): Illuminate\\Database\\Console\\Migrations\\MigrateCommand->repositoryExists()
#16 /home/mozkozrout/Projects/Hostesky/HosteskyAPI/vendor/laravel/framework/src/Illuminate/Database/Console/Migrations/MigrateCommand.php(82): Illuminate\\Database\\Console\\Migrations\\MigrateCommand->prepareDatabase()
#17 /home/mozkozrout/Projects/Hostesky/HosteskyAPI/vendor/laravel/framework/src/Illuminate/Database/Migrations/Migrator.php(615): Illuminate\\Database\\Console\\Migrations\\MigrateCommand->Illuminate\\Database\\Console\\Migrations\\{closure}()
#18 /home/mozkozrout/Projects/Hostesky/HosteskyAPI/vendor/laravel/framework/src/Illuminate/Database/Console/Migrations/MigrateCommand.php(102): Illuminate\\Database\\Migrations\\Migrator->usingConnection()
#19 /home/mozkozrout/Projects/Hostesky/HosteskyAPI/vendor/laravel/framework/src/Illuminate/Container/BoundMethod.php(36): Illuminate\\Database\\Console\\Migrations\\MigrateCommand->handle()
#20 /home/mozkozrout/Projects/Hostesky/HosteskyAPI/vendor/laravel/framework/src/Illuminate/Container/Util.php(41): Illuminate\\Container\\BoundMethod::Illuminate\\Container\\{closure}()
#21 /home/mozkozrout/Projects/Hostesky/HosteskyAPI/vendor/laravel/framework/src/Illuminate/Container/BoundMethod.php(93): Illuminate\\Container\\Util::unwrapIfClosure()
#22 /home/mozkozrout/Projects/Hostesky/HosteskyAPI/vendor/laravel/framework/src/Illuminate/Container/BoundMethod.php(37): Illuminate\\Container\\BoundMethod::callBoundMethod()
#23 /home/mozkozrout/Projects/Hostesky/HosteskyAPI/vendor/laravel/framework/src/Illuminate/Container/Container.php(661): Illuminate\\Container\\BoundMethod::call()
#24 /home/mozkozrout/Projects/Hostesky/HosteskyAPI/vendor/laravel/framework/src/Illuminate/Console/Command.php(183): Illuminate\\Container\\Container->call()
#25 /home/mozkozrout/Projects/Hostesky/HosteskyAPI/vendor/symfony/console/Command/Command.php(312): Illuminate\\Console\\Command->execute()
#26 /home/mozkozrout/Projects/Hostesky/HosteskyAPI/vendor/laravel/framework/src/Illuminate/Console/Command.php(153): Symfony\\Component\\Console\\Command\\Command->run()
#27 /home/mozkozrout/Projects/Hostesky/HosteskyAPI/vendor/symfony/console/Application.php(1022): Illuminate\\Console\\Command->run()
#28 /home/mozkozrout/Projects/Hostesky/HosteskyAPI/vendor/symfony/console/Application.php(314): Symfony\\Component\\Console\\Application->doRunCommand()
#29 /home/mozkozrout/Projects/Hostesky/HosteskyAPI/vendor/symfony/console/Application.php(168): Symfony\\Component\\Console\\Application->doRun()
#30 /home/mozkozrout/Projects/Hostesky/HosteskyAPI/vendor/laravel/framework/src/Illuminate/Console/Application.php(102): Symfony\\Component\\Console\\Application->run()
#31 /home/mozkozrout/Projects/Hostesky/HosteskyAPI/vendor/laravel/framework/src/Illuminate/Foundation/Console/Kernel.php(155): Illuminate\\Console\\Application->run()
#32 /home/mozkozrout/Projects/Hostesky/HosteskyAPI/artisan(37): Illuminate\\Foundation\\Console\\Kernel->handle()
#33 {main}

[previous exception] [object] (Illuminate\\Database\\SQLiteDatabaseDoesNotExistException(code: 0): Database file at path [../database/database.sqlite] does not exist. Ensure this is an absolute path to the database. at /home/mozkozrout/Projects/Hostesky/HosteskyAPI/vendor/laravel/framework/src/Illuminate/Database/Connectors/SQLiteConnector.php:34)
[stacktrace]
#0 /home/mozkozrout/Projects/Hostesky/HosteskyAPI/vendor/laravel/framework/src/Illuminate/Database/Connectors/ConnectionFactory.php(221): Illuminate\\Database\\Connectors\\SQLiteConnector->connect()
#1 [internal function]: Illuminate\\Database\\Connectors\\ConnectionFactory->Illuminate\\Database\\Connectors\\{closure}()
#2 /home/mozkozrout/Projects/Hostesky/HosteskyAPI/vendor/laravel/framework/src/Illuminate/Database/Connection.php(1181): call_user_func()
#3 /home/mozkozrout/Projects/Hostesky/HosteskyAPI/vendor/laravel/framework/src/Illuminate/Database/Connection.php(539): Illuminate\\Database\\Connection->getPdo()
#4 /home/mozkozrout/Projects/Hostesky/HosteskyAPI/vendor/laravel/framework/src/Illuminate/Database/Connection.php(753): Illuminate\\Database\\Connection->Illuminate\\Database\\{closure}()
#5 /home/mozkozrout/Projects/Hostesky/HosteskyAPI/vendor/laravel/framework/src/Illuminate/Database/Connection.php(720): Illuminate\\Database\\Connection->runQueryCallback()
#6 /home/mozkozrout/Projects/Hostesky/HosteskyAPI/vendor/laravel/framework/src/Illuminate/Database/Connection.php(546): Illuminate\\Database\\Connection->run()
#7 /home/mozkozrout/Projects/Hostesky/HosteskyAPI/vendor/laravel/framework/src/Illuminate/Database/Schema/Builder.php(398): Illuminate\\Database\\Connection->statement()
#8 /home/mozkozrout/Projects/Hostesky/HosteskyAPI/vendor/laravel/framework/src/Illuminate/Database/SQLiteConnection.php(35): Illuminate\\Database\\Schema\\Builder->enableForeignKeyConstraints()
#9 /home/mozkozrout/Projects/Hostesky/HosteskyAPI/vendor/laravel/framework/src/Illuminate/Database/Connectors/ConnectionFactory.php(272): Illuminate\\Database\\SQLiteConnection->__construct()
#10 /home/mozkozrout/Projects/Hostesky/HosteskyAPI/vendor/laravel/framework/src/Illuminate/Database/Connectors/ConnectionFactory.php(76): Illuminate\\Database\\Connectors\\ConnectionFactory->createConnection()
#11 /home/mozkozrout/Projects/Hostesky/HosteskyAPI/vendor/laravel/framework/src/Illuminate/Database/Connectors/ConnectionFactory.php(50): Illuminate\\Database\\Connectors\\ConnectionFactory->createSingleConnection()
#12 /home/mozkozrout/Projects/Hostesky/HosteskyAPI/vendor/laravel/framework/src/Illuminate/Database/DatabaseManager.php(152): Illuminate\\Database\\Connectors\\ConnectionFactory->make()
#13 /home/mozkozrout/Projects/Hostesky/HosteskyAPI/vendor/laravel/framework/src/Illuminate/Database/DatabaseManager.php(101): Illuminate\\Database\\DatabaseManager->makeConnection()
#14 /home/mozkozrout/Projects/Hostesky/HosteskyAPI/vendor/laravel/framework/src/Illuminate/Database/Migrations/DatabaseMigrationRepository.php(211): Illuminate\\Database\\DatabaseManager->connection()
#15 /home/mozkozrout/Projects/Hostesky/HosteskyAPI/vendor/laravel/framework/src/Illuminate/Database/Migrations/DatabaseMigrationRepository.php(167): Illuminate\\Database\\Migrations\\DatabaseMigrationRepository->getConnection()
#16 /home/mozkozrout/Projects/Hostesky/HosteskyAPI/vendor/laravel/framework/src/Illuminate/Database/Migrations/Migrator.php(682): Illuminate\\Database\\Migrations\\DatabaseMigrationRepository->repositoryExists()
#17 /home/mozkozrout/Projects/Hostesky/HosteskyAPI/vendor/laravel/framework/src/Illuminate/Database/Console/Migrations/MigrateCommand.php(138): Illuminate\\Database\\Migrations\\Migrator->repositoryExists()
#18 /home/mozkozrout/Projects/Hostesky/HosteskyAPI/vendor/laravel/framework/src/Illuminate/Support/helpers.php(247): Illuminate\\Database\\Console\\Migrations\\MigrateCommand->Illuminate\\Database\\Console\\Migrations\\{closure}()
#19 /home/mozkozrout/Projects/Hostesky/HosteskyAPI/vendor/laravel/framework/src/Illuminate/Database/Console/Migrations/MigrateCommand.php(157): retry()
#20 /home/mozkozrout/Projects/Hostesky/HosteskyAPI/vendor/laravel/framework/src/Illuminate/Database/Console/Migrations/MigrateCommand.php(114): Illuminate\\Database\\Console\\Migrations\\MigrateCommand->repositoryExists()
#21 /home/mozkozrout/Projects/Hostesky/HosteskyAPI/vendor/laravel/framework/src/Illuminate/Database/Console/Migrations/MigrateCommand.php(82): Illuminate\\Database\\Console\\Migrations\\MigrateCommand->prepareDatabase()
#22 /home/mozkozrout/Projects/Hostesky/HosteskyAPI/vendor/laravel/framework/src/Illuminate/Database/Migrations/Migrator.php(615): Illuminate\\Database\\Console\\Migrations\\MigrateCommand->Illuminate\\Database\\Console\\Migrations\\{closure}()
#23 /home/mozkozrout/Projects/Hostesky/HosteskyAPI/vendor/laravel/framework/src/Illuminate/Database/Console/Migrations/MigrateCommand.php(102): Illuminate\\Database\\Migrations\\Migrator->usingConnection()
#24 /home/mozkozrout/Projects/Hostesky/HosteskyAPI/vendor/laravel/framework/src/Illuminate/Container/BoundMethod.php(36): Illuminate\\Database\\Console\\Migrations\\MigrateCommand->handle()
#25 /home/mozkozrout/Projects/Hostesky/HosteskyAPI/vendor/laravel/framework/src/Illuminate/Container/Util.php(41): Illuminate\\Container\\BoundMethod::Illuminate\\Container\\{closure}()
#26 /home/mozkozrout/Projects/Hostesky/HosteskyAPI/vendor/laravel/framework/src/Illuminate/Container/BoundMethod.php(93): Illuminate\\Container\\Util::unwrapIfClosure()
#27 /home/mozkozrout/Projects/Hostesky/HosteskyAPI/vendor/laravel/framework/src/Illuminate/Container/BoundMethod.php(37): Illuminate\\Container\\BoundMethod::callBoundMethod()
#28 /home/mozkozrout/Projects/Hostesky/HosteskyAPI/vendor/laravel/framework/src/Illuminate/Container/Container.php(661): Illuminate\\Container\\BoundMethod::call()
#29 /home/mozkozrout/Projects/Hostesky/HosteskyAPI/vendor/laravel/framework/src/Illuminate/Console/Command.php(183): Illuminate\\Container\\Container->call()
#30 /home/mozkozrout/Projects/Hostesky/HosteskyAPI/vendor/symfony/console/Command/Command.php(312): Illuminate\\Console\\Command->execute()
#31 /home/mozkozrout/Projects/Hostesky/HosteskyAPI/vendor/laravel/framework/src/Illuminate/Console/Command.php(153): Symfony\\Component\\Console\\Command\\Command->run()
#32 /home/mozkozrout/Projects/Hostesky/HosteskyAPI/vendor/symfony/console/Application.php(1022): Illuminate\\Console\\Command->run()
#33 /home/mozkozrout/Projects/Hostesky/HosteskyAPI/vendor/symfony/console/Application.php(314): Symfony\\Component\\Console\\Application->doRunCommand()
#34 /home/mozkozrout/Projects/Hostesky/HosteskyAPI/vendor/symfony/console/Application.php(168): Symfony\\Component\\Console\\Application->doRun()
#35 /home/mozkozrout/Projects/Hostesky/HosteskyAPI/vendor/laravel/framework/src/Illuminate/Console/Application.php(102): Symfony\\Component\\Console\\Application->run()
#36 /home/mozkozrout/Projects/Hostesky/HosteskyAPI/vendor/laravel/framework/src/Illuminate/Foundation/Console/Kernel.php(155): Illuminate\\Console\\Application->run()
#37 /home/mozkozrout/Projects/Hostesky/HosteskyAPI/artisan(37): Illuminate\\Foundation\\Console\\Kernel->handle()
#38 {main}
"} 
[2023-02-10 16:51:30] local.ERROR: could not find driver (SQL: PRAGMA foreign_keys = ON;) {"exception":"[object] (Illuminate\\Database\\QueryException(code: 0): could not find driver (SQL: PRAGMA foreign_keys = ON;) at /home/mozkozrout/Projects/Hostesky/HosteskyAPI/vendor/laravel/framework/src/Illuminate/Database/Connection.php:760)
[stacktrace]
#0 /home/mozkozrout/Projects/Hostesky/HosteskyAPI/vendor/laravel/framework/src/Illuminate/Database/Connection.php(720): Illuminate\\Database\\Connection->runQueryCallback()
#1 /home/mozkozrout/Projects/Hostesky/HosteskyAPI/vendor/laravel/framework/src/Illuminate/Database/Connection.php(546): Illuminate\\Database\\Connection->run()
#2 /home/mozkozrout/Projects/Hostesky/HosteskyAPI/vendor/laravel/framework/src/Illuminate/Database/Schema/Builder.php(398): Illuminate\\Database\\Connection->statement()
#3 /home/mozkozrout/Projects/Hostesky/HosteskyAPI/vendor/laravel/framework/src/Illuminate/Database/SQLiteConnection.php(35): Illuminate\\Database\\Schema\\Builder->enableForeignKeyConstraints()
#4 /home/mozkozrout/Projects/Hostesky/HosteskyAPI/vendor/laravel/framework/src/Illuminate/Database/Connectors/ConnectionFactory.php(272): Illuminate\\Database\\SQLiteConnection->__construct()
#5 /home/mozkozrout/Projects/Hostesky/HosteskyAPI/vendor/laravel/framework/src/Illuminate/Database/Connectors/ConnectionFactory.php(76): Illuminate\\Database\\Connectors\\ConnectionFactory->createConnection()
#6 /home/mozkozrout/Projects/Hostesky/HosteskyAPI/vendor/laravel/framework/src/Illuminate/Database/Connectors/ConnectionFactory.php(50): Illuminate\\Database\\Connectors\\ConnectionFactory->createSingleConnection()
#7 /home/mozkozrout/Projects/Hostesky/HosteskyAPI/vendor/laravel/framework/src/Illuminate/Database/DatabaseManager.php(152): Illuminate\\Database\\Connectors\\ConnectionFactory->make()
#8 /home/mozkozrout/Projects/Hostesky/HosteskyAPI/vendor/laravel/framework/src/Illuminate/Database/DatabaseManager.php(101): Illuminate\\Database\\DatabaseManager->makeConnection()
#9 /home/mozkozrout/Projects/Hostesky/HosteskyAPI/vendor/laravel/framework/src/Illuminate/Database/Migrations/DatabaseMigrationRepository.php(211): Illuminate\\Database\\DatabaseManager->connection()
#10 /home/mozkozrout/Projects/Hostesky/HosteskyAPI/vendor/laravel/framework/src/Illuminate/Database/Migrations/DatabaseMigrationRepository.php(167): Illuminate\\Database\\Migrations\\DatabaseMigrationRepository->getConnection()
#11 /home/mozkozrout/Projects/Hostesky/HosteskyAPI/vendor/laravel/framework/src/Illuminate/Database/Migrations/Migrator.php(682): Illuminate\\Database\\Migrations\\DatabaseMigrationRepository->repositoryExists()
#12 /home/mozkozrout/Projects/Hostesky/HosteskyAPI/vendor/laravel/framework/src/Illuminate/Database/Console/Migrations/MigrateCommand.php(138): Illuminate\\Database\\Migrations\\Migrator->repositoryExists()
#13 /home/mozkozrout/Projects/Hostesky/HosteskyAPI/vendor/laravel/framework/src/Illuminate/Support/helpers.php(247): Illuminate\\Database\\Console\\Migrations\\MigrateCommand->Illuminate\\Database\\Console\\Migrations\\{closure}()
#14 /home/mozkozrout/Projects/Hostesky/HosteskyAPI/vendor/laravel/framework/src/Illuminate/Database/Console/Migrations/MigrateCommand.php(157): retry()
#15 /home/mozkozrout/Projects/Hostesky/HosteskyAPI/vendor/laravel/framework/src/Illuminate/Database/Console/Migrations/MigrateCommand.php(114): Illuminate\\Database\\Console\\Migrations\\MigrateCommand->repositoryExists()
#16 /home/mozkozrout/Projects/Hostesky/HosteskyAPI/vendor/laravel/framework/src/Illuminate/Database/Console/Migrations/MigrateCommand.php(82): Illuminate\\Database\\Console\\Migrations\\MigrateCommand->prepareDatabase()
#17 /home/mozkozrout/Projects/Hostesky/HosteskyAPI/vendor/laravel/framework/src/Illuminate/Database/Migrations/Migrator.php(615): Illuminate\\Database\\Console\\Migrations\\MigrateCommand->Illuminate\\Database\\Console\\Migrations\\{closure}()
#18 /home/mozkozrout/Projects/Hostesky/HosteskyAPI/vendor/laravel/framework/src/Illuminate/Database/Console/Migrations/MigrateCommand.php(102): Illuminate\\Database\\Migrations\\Migrator->usingConnection()
#19 /home/mozkozrout/Projects/Hostesky/HosteskyAPI/vendor/laravel/framework/src/Illuminate/Container/BoundMethod.php(36): Illuminate\\Database\\Console\\Migrations\\MigrateCommand->handle()
#20 /home/mozkozrout/Projects/Hostesky/HosteskyAPI/vendor/laravel/framework/src/Illuminate/Container/Util.php(41): Illuminate\\Container\\BoundMethod::Illuminate\\Container\\{closure}()
#21 /home/mozkozrout/Projects/Hostesky/HosteskyAPI/vendor/laravel/framework/src/Illuminate/Container/BoundMethod.php(93): Illuminate\\Container\\Util::unwrapIfClosure()
#22 /home/mozkozrout/Projects/Hostesky/HosteskyAPI/vendor/laravel/framework/src/Illuminate/Container/BoundMethod.php(37): Illuminate\\Container\\BoundMethod::callBoundMethod()
#23 /home/mozkozrout/Projects/Hostesky/HosteskyAPI/vendor/laravel/framework/src/Illuminate/Container/Container.php(661): Illuminate\\Container\\BoundMethod::call()
#24 /home/mozkozrout/Projects/Hostesky/HosteskyAPI/vendor/laravel/framework/src/Illuminate/Console/Command.php(183): Illuminate\\Container\\Container->call()
#25 /home/mozkozrout/Projects/Hostesky/HosteskyAPI/vendor/symfony/console/Command/Command.php(312): Illuminate\\Console\\Command->execute()
#26 /home/mozkozrout/Projects/Hostesky/HosteskyAPI/vendor/laravel/framework/src/Illuminate/Console/Command.php(153): Symfony\\Component\\Console\\Command\\Command->run()
#27 /home/mozkozrout/Projects/Hostesky/HosteskyAPI/vendor/symfony/console/Application.php(1022): Illuminate\\Console\\Command->run()
#28 /home/mozkozrout/Projects/Hostesky/HosteskyAPI/vendor/symfony/console/Application.php(314): Symfony\\Component\\Console\\Application->doRunCommand()
#29 /home/mozkozrout/Projects/Hostesky/HosteskyAPI/vendor/symfony/console/Application.php(168): Symfony\\Component\\Console\\Application->doRun()
#30 /home/mozkozrout/Projects/Hostesky/HosteskyAPI/vendor/laravel/framework/src/Illuminate/Console/Application.php(102): Symfony\\Component\\Console\\Application->run()
#31 /home/mozkozrout/Projects/Hostesky/HosteskyAPI/vendor/laravel/framework/src/Illuminate/Foundation/Console/Kernel.php(155): Illuminate\\Console\\Application->run()
#32 /home/mozkozrout/Projects/Hostesky/HosteskyAPI/artisan(37): Illuminate\\Foundation\\Console\\Kernel->handle()
#33 {main}

[previous exception] [object] (PDOException(code: 0): could not find driver at /home/mozkozrout/Projects/Hostesky/HosteskyAPI/vendor/laravel/framework/src/Illuminate/Database/Connectors/Connector.php:70)
[stacktrace]
#0 /home/mozkozrout/Projects/Hostesky/HosteskyAPI/vendor/laravel/framework/src/Illuminate/Database/Connectors/Connector.php(70): PDO->__construct()
#1 /home/mozkozrout/Projects/Hostesky/HosteskyAPI/vendor/laravel/framework/src/Illuminate/Database/Connectors/Connector.php(46): Illuminate\\Database\\Connectors\\Connector->createPdoConnection()
#2 /home/mozkozrout/Projects/Hostesky/HosteskyAPI/vendor/laravel/framework/src/Illuminate/Database/Connectors/SQLiteConnector.php(37): Illuminate\\Database\\Connectors\\Connector->createConnection()
#3 /home/mozkozrout/Projects/Hostesky/HosteskyAPI/vendor/laravel/framework/src/Illuminate/Database/Connectors/ConnectionFactory.php(221): Illuminate\\Database\\Connectors\\SQLiteConnector->connect()
#4 [internal function]: Illuminate\\Database\\Connectors\\ConnectionFactory->Illuminate\\Database\\Connectors\\{closure}()
#5 /home/mozkozrout/Projects/Hostesky/HosteskyAPI/vendor/laravel/framework/src/Illuminate/Database/Connection.php(1181): call_user_func()
#6 /home/mozkozrout/Projects/Hostesky/HosteskyAPI/vendor/laravel/framework/src/Illuminate/Database/Connection.php(539): Illuminate\\Database\\Connection->getPdo()
#7 /home/mozkozrout/Projects/Hostesky/HosteskyAPI/vendor/laravel/framework/src/Illuminate/Database/Connection.php(753): Illuminate\\Database\\Connection->Illuminate\\Database\\{closure}()
#8 /home/mozkozrout/Projects/Hostesky/HosteskyAPI/vendor/laravel/framework/src/Illuminate/Database/Connection.php(720): Illuminate\\Database\\Connection->runQueryCallback()
#9 /home/mozkozrout/Projects/Hostesky/HosteskyAPI/vendor/laravel/framework/src/Illuminate/Database/Connection.php(546): Illuminate\\Database\\Connection->run()
#10 /home/mozkozrout/Projects/Hostesky/HosteskyAPI/vendor/laravel/framework/src/Illuminate/Database/Schema/Builder.php(398): Illuminate\\Database\\Connection->statement()
#11 /home/mozkozrout/Projects/Hostesky/HosteskyAPI/vendor/laravel/framework/src/Illuminate/Database/SQLiteConnection.php(35): Illuminate\\Database\\Schema\\Builder->enableForeignKeyConstraints()
#12 /home/mozkozrout/Projects/Hostesky/HosteskyAPI/vendor/laravel/framework/src/Illuminate/Database/Connectors/ConnectionFactory.php(272): Illuminate\\Database\\SQLiteConnection->__construct()
#13 /home/mozkozrout/Projects/Hostesky/HosteskyAPI/vendor/laravel/framework/src/Illuminate/Database/Connectors/ConnectionFactory.php(76): Illuminate\\Database\\Connectors\\ConnectionFactory->createConnection()
#14 /home/mozkozrout/Projects/Hostesky/HosteskyAPI/vendor/laravel/framework/src/Illuminate/Database/Connectors/ConnectionFactory.php(50): Illuminate\\Database\\Connectors\\ConnectionFactory->createSingleConnection()
#15 /home/mozkozrout/Projects/Hostesky/HosteskyAPI/vendor/laravel/framework/src/Illuminate/Database/DatabaseManager.php(152): Illuminate\\Database\\Connectors\\ConnectionFactory->make()
#16 /home/mozkozrout/Projects/Hostesky/HosteskyAPI/vendor/laravel/framework/src/Illuminate/Database/DatabaseManager.php(101): Illuminate\\Database\\DatabaseManager->makeConnection()
#17 /home/mozkozrout/Projects/Hostesky/HosteskyAPI/vendor/laravel/framework/src/Illuminate/Database/Migrations/DatabaseMigrationRepository.php(211): Illuminate\\Database\\DatabaseManager->connection()
#18 /home/mozkozrout/Projects/Hostesky/HosteskyAPI/vendor/laravel/framework/src/Illuminate/Database/Migrations/DatabaseMigrationRepository.php(167): Illuminate\\Database\\Migrations\\DatabaseMigrationRepository->getConnection()
#19 /home/mozkozrout/Projects/Hostesky/HosteskyAPI/vendor/laravel/framework/src/Illuminate/Database/Migrations/Migrator.php(682): Illuminate\\Database\\Migrations\\DatabaseMigrationRepository->repositoryExists()
#20 /home/mozkozrout/Projects/Hostesky/HosteskyAPI/vendor/laravel/framework/src/Illuminate/Database/Console/Migrations/MigrateCommand.php(138): Illuminate\\Database\\Migrations\\Migrator->repositoryExists()
#21 /home/mozkozrout/Projects/Hostesky/HosteskyAPI/vendor/laravel/framework/src/Illuminate/Support/helpers.php(247): Illuminate\\Database\\Console\\Migrations\\MigrateCommand->Illuminate\\Database\\Console\\Migrations\\{closure}()
#22 /home/mozkozrout/Projects/Hostesky/HosteskyAPI/vendor/laravel/framework/src/Illuminate/Database/Console/Migrations/MigrateCommand.php(157): retry()
#23 /home/mozkozrout/Projects/Hostesky/HosteskyAPI/vendor/laravel/framework/src/Illuminate/Database/Console/Migrations/MigrateCommand.php(114): Illuminate\\Database\\Console\\Migrations\\MigrateCommand->repositoryExists()
#24 /home/mozkozrout/Projects/Hostesky/HosteskyAPI/vendor/laravel/framework/src/Illuminate/Database/Console/Migrations/MigrateCommand.php(82): Illuminate\\Database\\Console\\Migrations\\MigrateCommand->prepareDatabase()
#25 /home/mozkozrout/Projects/Hostesky/HosteskyAPI/vendor/laravel/framework/src/Illuminate/Database/Migrations/Migrator.php(615): Illuminate\\Database\\Console\\Migrations\\MigrateCommand->Illuminate\\Database\\Console\\Migrations\\{closure}()
#26 /home/mozkozrout/Projects/Hostesky/HosteskyAPI/vendor/laravel/framework/src/Illuminate/Database/Console/Migrations/MigrateCommand.php(102): Illuminate\\Database\\Migrations\\Migrator->usingConnection()
#27 /home/mozkozrout/Projects/Hostesky/HosteskyAPI/vendor/laravel/framework/src/Illuminate/Container/BoundMethod.php(36): Illuminate\\Database\\Console\\Migrations\\MigrateCommand->handle()
#28 /home/mozkozrout/Projects/Hostesky/HosteskyAPI/vendor/laravel/framework/src/Illuminate/Container/Util.php(41): Illuminate\\Container\\BoundMethod::Illuminate\\Container\\{closure}()
#29 /home/mozkozrout/Projects/Hostesky/HosteskyAPI/vendor/laravel/framework/src/Illuminate/Container/BoundMethod.php(93): Illuminate\\Container\\Util::unwrapIfClosure()
#30 /home/mozkozrout/Projects/Hostesky/HosteskyAPI/vendor/laravel/framework/src/Illuminate/Container/BoundMethod.php(37): Illuminate\\Container\\BoundMethod::callBoundMethod()
#31 /home/mozkozrout/Projects/Hostesky/HosteskyAPI/vendor/laravel/framework/src/Illuminate/Container/Container.php(661): Illuminate\\Container\\BoundMethod::call()
#32 /home/mozkozrout/Projects/Hostesky/HosteskyAPI/vendor/laravel/framework/src/Illuminate/Console/Command.php(183): Illuminate\\Container\\Container->call()
#33 /home/mozkozrout/Projects/Hostesky/HosteskyAPI/vendor/symfony/console/Command/Command.php(312): Illuminate\\Console\\Command->execute()
#34 /home/mozkozrout/Projects/Hostesky/HosteskyAPI/vendor/laravel/framework/src/Illuminate/Console/Command.php(153): Symfony\\Component\\Console\\Command\\Command->run()
#35 /home/mozkozrout/Projects/Hostesky/HosteskyAPI/vendor/symfony/console/Application.php(1022): Illuminate\\Console\\Command->run()
#36 /home/mozkozrout/Projects/Hostesky/HosteskyAPI/vendor/symfony/console/Application.php(314): Symfony\\Component\\Console\\Application->doRunCommand()
#37 /home/mozkozrout/Projects/Hostesky/HosteskyAPI/vendor/symfony/console/Application.php(168): Symfony\\Component\\Console\\Application->doRun()
#38 /home/mozkozrout/Projects/Hostesky/HosteskyAPI/vendor/laravel/framework/src/Illuminate/Console/Application.php(102): Symfony\\Component\\Console\\Application->run()
#39 /home/mozkozrout/Projects/Hostesky/HosteskyAPI/vendor/laravel/framework/src/Illuminate/Foundation/Console/Kernel.php(155): Illuminate\\Console\\Application->run()
#40 /home/mozkozrout/Projects/Hostesky/HosteskyAPI/artisan(37): Illuminate\\Foundation\\Console\\Kernel->handle()
#41 {main}
"} 
